TN:
SF:src/api/client.js
FN:1,(empty-report)
FNF:1
FNH:0
FNDA:0,(empty-report)
DA:1,0
DA:2,0
DA:3,0
DA:4,0
DA:5,0
DA:6,0
DA:7,0
DA:8,0
DA:9,0
DA:10,0
DA:11,0
DA:12,0
DA:13,0
DA:14,0
DA:15,0
DA:16,0
DA:17,0
DA:18,0
DA:19,0
DA:20,0
DA:21,0
DA:22,0
DA:23,0
DA:24,0
DA:25,0
DA:26,0
DA:27,0
DA:28,0
DA:29,0
DA:30,0
DA:31,0
DA:32,0
DA:33,0
DA:34,0
DA:35,0
DA:36,0
DA:37,0
DA:38,0
DA:39,0
DA:40,0
DA:41,0
DA:42,0
DA:43,0
DA:44,0
DA:45,0
DA:46,0
DA:47,0
DA:48,0
DA:49,0
DA:50,0
DA:51,0
DA:52,0
DA:53,0
DA:54,0
DA:55,0
DA:56,0
DA:57,0
DA:58,0
DA:59,0
DA:60,0
DA:61,0
DA:62,0
DA:63,0
DA:64,0
DA:65,0
DA:66,0
DA:67,0
DA:68,0
DA:69,0
DA:70,0
DA:71,0
DA:72,0
DA:73,0
DA:74,0
DA:75,0
DA:76,0
DA:77,0
DA:78,0
DA:79,0
DA:80,0
DA:81,0
DA:82,0
DA:83,0
DA:84,0
DA:85,0
DA:86,0
DA:87,0
DA:88,0
DA:89,0
DA:90,0
DA:91,0
DA:92,0
DA:93,0
DA:94,0
DA:95,0
DA:96,0
DA:97,0
DA:98,0
DA:99,0
DA:100,0
DA:101,0
DA:102,0
DA:103,0
DA:104,0
DA:105,0
DA:106,0
DA:107,0
DA:108,0
DA:109,0
DA:110,0
DA:111,0
DA:112,0
DA:113,0
DA:114,0
DA:115,0
DA:116,0
DA:117,0
DA:118,0
DA:119,0
DA:120,0
DA:121,0
DA:122,0
DA:123,0
DA:124,0
DA:125,0
DA:126,0
DA:127,0
DA:128,0
DA:129,0
DA:130,0
DA:131,0
DA:132,0
DA:133,0
DA:134,0
DA:135,0
DA:136,0
DA:137,0
DA:138,0
DA:139,0
DA:140,0
DA:141,0
DA:142,0
DA:143,0
DA:144,0
DA:145,0
DA:146,0
DA:147,0
DA:148,0
DA:149,0
DA:150,0
DA:151,0
DA:152,0
DA:153,0
DA:154,0
DA:155,0
DA:156,0
DA:157,0
DA:158,0
LF:158
LH:0
BRDA:1,0,0,0
BRF:1
BRH:0
end_of_record
TN:
SF:src/models/appModel.js
FN:6,AppModel
FN:31,setView
FN:35,init
FN:97,notify
FN:100,startSessionTimeout
FN:122,clearSessionTimeout
FN:133,resetSessionTimeout
FN:140,isCartExpired
FN:147,updateCartTimestamp
FN:156,login
FN:166,logout
FN:179,register
FN:185,listProducts
FN:186,refreshProducts
FN:191,addProduct
FN:196,updateProduct
FN:201,deleteProduct
FN:206,uploadProductImages
FN:212,deleteProductImage
FN:220,getRecommendations
FN:231,saveCart
FN:234,addToCart
FN:260,removeFromCart
FN:267,clearCart
FN:273,cartCount
FN:276,refreshPromotions
FN:280,applyPromo
FN:285,createPromotion
FN:290,togglePromotion
FN:297,refreshMyOrders
FN:301,refreshAllOrders
FN:305,_adaptOrder
FN:314,createOrder
FN:338,addReturn
FN:349,refreshReturns
FN:354,refreshUsers
FN:359,updateCurrentUser
FN:376,addInvoice
FN:379,clientOrders
FN:380,totals
FN:388,adminUpdateOrderStatus
FN:396,refreshSuppliers
FN:397,createSupplier
FN:398,updateSupplier
FN:399,deleteSupplier
FN:402,refreshWarehouses
FN:403,createWarehouse
FN:404,updateWarehouse
FN:405,addShelf
FN:406,removeShelf
FN:407,deleteWarehouse
FN:410,refreshPurchaseOrders
FN:411,createPurchaseOrder
FN:412,updatePurchaseOrder
FN:413,sendPurchaseOrder
FN:414,receivePurchaseOrder
FN:415,deletePurchaseOrder
FN:416,getPurchaseOrder
FN:419,refreshReturns
FN:420,getMyReturns
FN:421,getReturn
FN:422,createReturn
FN:423,approveReturn
FN:424,rejectReturn
FN:425,markReturnReceived
FN:426,reviewReturn
FN:427,validateCoupon
FN:430,refreshWishlist
FN:436,addToWishlist
FN:442,removeFromWishlist
FN:448,isInWishlist
FN:453,getStockMovements
FN:454,getLowStockAlerts
FN:455,adjustStock
FNF:74
FNH:25
FNDA:39,AppModel
FNDA:0,setView
FNDA:22,init
FNDA:43,notify
FNDA:3,startSessionTimeout
FNDA:8,clearSessionTimeout
FNDA:14,resetSessionTimeout
FNDA:3,isCartExpired
FNDA:14,updateCartTimestamp
FNDA:1,login
FNDA:1,logout
FNDA:1,register
FNDA:1,listProducts
FNDA:22,refreshProducts
FNDA:1,addProduct
FNDA:0,updateProduct
FNDA:1,deleteProduct
FNDA:0,uploadProductImages
FNDA:0,deleteProductImage
FNDA:0,getRecommendations
FNDA:14,saveCart
FNDA:17,addToCart
FNDA:1,removeFromCart
FNDA:1,clearCart
FNDA:1,cartCount
FNDA:22,refreshPromotions
FNDA:4,applyPromo
FNDA:0,createPromotion
FNDA:0,togglePromotion
FNDA:0,refreshMyOrders
FNDA:0,refreshAllOrders
FNDA:1,_adaptOrder
FNDA:0,createOrder
FNDA:0,addReturn
FNDA:0,refreshReturns
FNDA:0,refreshUsers
FNDA:0,updateCurrentUser
FNDA:0,addInvoice
FNDA:0,clientOrders
FNDA:0,totals
FNDA:0,adminUpdateOrderStatus
FNDA:0,refreshSuppliers
FNDA:0,createSupplier
FNDA:0,updateSupplier
FNDA:0,deleteSupplier
FNDA:0,refreshWarehouses
FNDA:0,createWarehouse
FNDA:0,updateWarehouse
FNDA:0,addShelf
FNDA:0,removeShelf
FNDA:0,deleteWarehouse
FNDA:0,refreshPurchaseOrders
FNDA:0,createPurchaseOrder
FNDA:0,updatePurchaseOrder
FNDA:0,sendPurchaseOrder
FNDA:0,receivePurchaseOrder
FNDA:0,deletePurchaseOrder
FNDA:0,getPurchaseOrder
FNDA:0,refreshReturns
FNDA:0,getMyReturns
FNDA:0,getReturn
FNDA:0,createReturn
FNDA:0,approveReturn
FNDA:0,rejectReturn
FNDA:0,markReturnReceived
FNDA:0,reviewReturn
FNDA:0,validateCoupon
FNDA:3,refreshWishlist
FNDA:0,addToWishlist
FNDA:0,removeFromWishlist
FNDA:2,isInWishlist
FNDA:0,getStockMovements
FNDA:0,getLowStockAlerts
FNDA:0,adjustStock
DA:1,1
DA:2,1
DA:3,1
DA:4,1
DA:5,1
DA:6,1
DA:7,39
DA:8,39
DA:9,39
DA:10,39
DA:11,39
DA:12,39
DA:13,39
DA:14,39
DA:15,39
DA:16,39
DA:17,39
DA:18,39
DA:19,39
DA:20,39
DA:21,39
DA:22,39
DA:23,39
DA:24,39
DA:25,39
DA:26,39
DA:27,39
DA:28,39
DA:29,39
DA:30,1
DA:31,1
DA:32,0
DA:33,0
DA:34,1
DA:35,1
DA:36,22
DA:37,22
DA:38,22
DA:39,22
DA:40,22
DA:41,1
DA:42,1
DA:43,1
DA:44,1
DA:45,1
DA:46,1
DA:47,1
DA:48,1
DA:49,1
DA:50,0
DA:51,0
DA:52,0
DA:53,0
DA:54,0
DA:55,0
DA:56,0
DA:57,0
DA:58,0
DA:59,0
DA:60,0
DA:61,0
DA:62,0
DA:63,0
DA:64,0
DA:65,0
DA:66,0
DA:67,0
DA:68,0
DA:69,0
DA:70,22
DA:71,21
DA:72,21
DA:73,22
DA:74,22
DA:75,22
DA:76,22
DA:77,22
DA:78,22
DA:79,22
DA:80,22
DA:81,22
DA:82,0
DA:83,0
DA:84,0
DA:85,0
DA:86,0
DA:87,0
DA:88,0
DA:89,0
DA:90,0
DA:91,0
DA:92,0
DA:93,22
DA:94,22
DA:95,22
DA:96,1
DA:97,1
DA:98,1
DA:99,1
DA:100,1
DA:101,3
DA:102,3
DA:103,3
DA:104,3
DA:105,0
DA:106,0
DA:107,0
DA:108,3
DA:109,3
DA:110,3
DA:111,0
DA:112,0
DA:113,0
DA:114,0
DA:115,0
DA:116,0
DA:117,0
DA:118,0
DA:119,3
DA:120,3
DA:121,1
DA:122,1
DA:123,8
DA:124,2
DA:125,2
DA:126,2
DA:127,8
DA:128,2
DA:129,2
DA:130,2
DA:131,8
DA:132,1
DA:133,1
DA:134,14
DA:135,0
DA:136,0
DA:137,14
DA:138,1
DA:139,1
DA:140,1
DA:141,3
DA:142,3
DA:143,3
DA:144,3
DA:145,3
DA:146,1
DA:147,1
DA:148,14
DA:149,14
DA:150,14
DA:151,14
DA:152,14
DA:153,14
DA:154,1
DA:155,1
DA:156,1
DA:157,1
DA:158,1
DA:159,1
DA:160,1
DA:161,1
DA:162,1
DA:163,1
DA:164,1
DA:165,1
DA:166,1
DA:167,1
DA:168,1
DA:169,1
DA:170,1
DA:171,1
DA:172,1
DA:173,1
DA:174,1
DA:175,1
DA:176,1
DA:177,1
DA:178,1
DA:179,1
DA:180,1
DA:181,1
DA:182,1
DA:183,1
DA:184,1
DA:185,1
DA:186,1
DA:187,22
DA:188,22
DA:189,22
DA:190,22
DA:191,1
DA:192,1
DA:193,1
DA:194,1
DA:195,1
DA:196,1
DA:197,0
DA:198,0
DA:199,0
DA:200,0
DA:201,1
DA:202,1
DA:203,1
DA:204,1
DA:205,1
DA:206,1
DA:207,0
DA:208,0
DA:209,0
DA:210,0
DA:211,0
DA:212,1
DA:213,0
DA:214,0
DA:215,0
DA:216,0
DA:217,0
DA:218,1
DA:219,1
DA:220,1
DA:221,0
DA:222,0
DA:223,0
DA:224,0
DA:225,0
DA:226,0
DA:227,0
DA:228,0
DA:229,1
DA:230,1
DA:231,1
DA:232,14
DA:233,14
DA:234,1
DA:235,17
DA:236,17
DA:237,16
DA:238,17
DA:239,17
DA:240,5
DA:241,5
DA:242,5
DA:243,5
DA:244,5
DA:245,3
DA:246,17
DA:247,11
DA:248,11
DA:249,17
DA:250,17
DA:251,17
DA:252,17
DA:253,17
DA:254,17
DA:255,10
DA:256,12
DA:257,12
DA:258,12
DA:259,17
DA:260,1
DA:261,1
DA:262,1
DA:263,1
DA:264,1
DA:265,1
DA:266,1
DA:267,1
DA:268,1
DA:269,1
DA:270,1
DA:271,1
DA:272,1
DA:273,1
DA:274,1
DA:275,1
DA:276,1
DA:277,22
DA:278,22
DA:279,22
DA:280,1
DA:281,4
DA:282,4
DA:283,2
DA:284,4
DA:285,1
DA:286,0
DA:287,0
DA:288,0
DA:289,0
DA:290,1
DA:291,0
DA:292,0
DA:293,0
DA:294,0
DA:295,1
DA:296,1
DA:297,1
DA:298,0
DA:299,0
DA:300,0
DA:301,1
DA:302,0
DA:303,0
DA:304,0
DA:305,1
DA:306,1
DA:307,1
DA:308,1
DA:309,1
DA:310,1
DA:311,1
DA:312,1
DA:313,1
DA:314,1
DA:315,0
DA:316,0
DA:317,0
DA:318,0
DA:319,0
DA:320,0
DA:321,0
DA:322,0
DA:323,0
DA:324,0
DA:325,0
DA:326,0
DA:327,0
DA:328,0
DA:329,0
DA:330,0
DA:331,0
DA:332,0
DA:333,0
DA:334,0
DA:335,0
DA:336,1
DA:337,1
DA:338,1
DA:339,0
DA:340,0
DA:341,0
DA:342,0
DA:343,0
DA:344,0
DA:345,0
DA:346,0
DA:347,0
DA:348,1
DA:349,1
DA:350,0
DA:351,0
DA:352,0
DA:353,1
DA:354,1
DA:355,0
DA:356,0
DA:357,0
DA:358,1
DA:359,1
DA:360,0
DA:361,0
DA:362,0
DA:363,0
DA:364,0
DA:365,0
DA:366,0
DA:367,0
DA:368,0
DA:369,0
DA:370,0
DA:371,0
DA:372,0
DA:373,0
DA:374,1
DA:375,1
DA:376,1
DA:377,1
DA:378,1
DA:379,1
DA:380,1
DA:381,0
DA:382,0
DA:383,0
DA:384,0
DA:385,0
DA:386,0
DA:387,1
DA:388,1
DA:389,0
DA:390,0
DA:391,0
DA:392,0
DA:393,0
DA:394,1
DA:395,1
DA:396,1
DA:397,1
DA:398,1
DA:399,1
DA:400,1
DA:401,1
DA:402,1
DA:403,1
DA:404,1
DA:405,1
DA:406,1
DA:407,1
DA:408,1
DA:409,1
DA:410,1
DA:411,1
DA:412,1
DA:413,1
DA:414,1
DA:415,1
DA:416,1
DA:417,1
DA:418,1
DA:419,1
DA:420,1
DA:421,1
DA:422,1
DA:423,1
DA:424,1
DA:425,1
DA:426,1
DA:427,1
DA:428,1
DA:429,1
DA:430,1
DA:431,3
DA:432,3
DA:433,3
DA:434,3
DA:435,3
DA:436,1
DA:437,0
DA:438,0
DA:439,0
DA:440,0
DA:441,0
DA:442,1
DA:443,0
DA:444,0
DA:445,0
DA:446,0
DA:447,0
DA:448,1
DA:449,2
DA:450,2
DA:451,1
DA:452,1
DA:453,1
DA:454,1
DA:455,1
DA:456,1
LF:456
LH:303
BRDA:6,0,0,39
BRDA:35,1,0,22
BRDA:38,2,0,1
BRDA:38,3,0,21
BRDA:40,4,0,1
BRDA:45,5,0,0
BRDA:47,6,0,0
BRDA:49,7,0,0
BRDA:70,8,0,21
BRDA:76,9,0,1
BRDA:76,10,0,21
BRDA:81,11,0,0
BRDA:93,12,0,0
BRDA:97,13,0,43
BRDA:100,14,0,3
BRDA:122,15,0,8
BRDA:123,16,0,2
BRDA:127,17,0,2
BRDA:133,18,0,14
BRDA:134,19,0,0
BRDA:140,20,0,3
BRDA:147,21,0,14
BRDA:156,22,0,1
BRDA:162,23,0,0
BRDA:166,24,0,1
BRDA:179,25,0,1
BRDA:185,26,0,1
BRDA:186,27,0,22
BRDA:189,28,0,28
BRDA:191,29,0,1
BRDA:201,30,0,1
BRDA:203,31,0,1
BRDA:203,32,0,0
BRDA:231,33,0,14
BRDA:234,34,0,17
BRDA:236,35,0,1
BRDA:236,36,0,16
BRDA:239,37,0,5
BRDA:240,38,0,0
BRDA:241,39,0,0
BRDA:243,40,0,1
BRDA:243,41,0,4
BRDA:244,42,0,1
BRDA:244,43,0,1
BRDA:244,44,0,3
BRDA:246,45,0,11
BRDA:247,46,0,1
BRDA:247,47,0,1
BRDA:248,48,0,13
BRDA:249,49,0,0
BRDA:251,50,0,3
BRDA:251,51,0,10
BRDA:252,52,0,3
BRDA:252,53,0,0
BRDA:252,54,0,10
BRDA:252,55,0,0
BRDA:253,56,0,1
BRDA:253,57,0,12
BRDA:254,58,0,2
BRDA:254,59,0,10
BRDA:255,60,0,12
BRDA:235,61,0,29
BRDA:235,62,0,13
BRDA:242,63,0,7
BRDA:242,64,0,4
BRDA:250,65,0,5
BRDA:250,66,0,3
BRDA:260,67,0,1
BRDA:262,68,0,1
BRDA:267,69,0,1
BRDA:273,70,0,1
BRDA:273,71,0,2
BRDA:276,72,0,22
BRDA:278,73,0,10
BRDA:280,74,0,4
BRDA:282,75,0,2
BRDA:281,76,0,6
BRDA:281,77,0,3
BRDA:305,78,0,1
BRDA:306,79,0,0
BRDA:306,80,0,1
BRDA:430,81,0,3
BRDA:432,82,0,2
BRDA:433,83,0,0
BRDA:434,84,0,1
BRDA:448,85,0,2
BRDA:449,86,0,2
BRDA:449,87,0,0
BRDA:449,88,0,0
BRF:89
BRH:72
end_of_record
TN:
SF:src/strategies/discount.js
FN:2,percentage
FNF:1
FNH:1
FNDA:6,percentage
DA:1,1
DA:2,1
DA:3,6
DA:4,6
DA:5,6
DA:6,1
LF:6
LH:6
BRDA:2,0,0,6
BRF:1
BRH:1
end_of_record
TN:
SF:src/strategies/payment.js
FN:1,(empty-report)
FNF:1
FNH:0
FNDA:0,(empty-report)
DA:1,0
DA:2,0
DA:3,0
DA:4,0
DA:5,0
DA:6,0
DA:7,0
DA:8,0
DA:9,0
DA:10,0
DA:11,0
DA:12,0
DA:13,0
DA:14,0
DA:15,0
DA:16,0
DA:17,0
DA:18,0
DA:19,0
DA:20,0
DA:21,0
DA:22,0
DA:23,0
DA:24,0
DA:25,0
DA:26,0
DA:27,0
DA:28,0
DA:29,0
DA:30,0
DA:31,0
DA:32,0
DA:33,0
DA:34,0
DA:35,0
DA:36,0
DA:37,0
LF:37
LH:0
BRDA:1,0,0,0
BRF:1
BRH:0
end_of_record
